<?xml version="1.0" encoding="UTF-8" ?>
<testsuite tests="1" failures="0" name="batchtest.Testrun" time="43.865" errors="1" skipped="0">
  <properties>
[...]
</properties>
  <testcase classname="Pixel store pos" name="Searching of a product" time="43.865">
    <error type="java.lang.NullPointerException">java.lang.NullPointerException
	at stepde.Stepdefini.larry_verifies_the_product_availability(Stepdefini.java:168)
	at ✽.Larry verifies the product availability(file:///C:/Users/Training_h2a.09.22/eclipse-workspace/28thjanGftcucumber/demojan28jan.feature:31)
</error>
    <system-out>3
</system-out>
    <system-err>Jan 30, 2020 10:24:53 AM io.cucumber.junit.Cucumber &lt;init&gt;
WARNING: By default Cucumber is running in --non-strict mode.
This default will change to --strict and --non-strict will be removed.
You can use --strict or @CucumberOptions(strict = true) to suppress this warning
Starting ChromeDriver 79.0.3945.36 (3582db32b33893869b8c1339e8f4d9ed1816f143-refs/branch-heads/3945@{#614}) on port 22741
Only local connections are allowed.
Please protect ports used by ChromeDriver and related test frameworks to prevent access by malicious code.
[1580360102.212][WARNING]: Timed out connecting to Chrome, retrying...
Jan 30, 2020 10:25:04 AM org.openqa.selenium.remote.ProtocolHandshake createSession
INFO: Detected dialect: W3C
</system-err>
  </testcase>
</testsuite>